<?xml version="1.0" encoding="UTF-8"?>
<!-- Generated by org.testng.reporters.JUnitReportReporter -->
<testsuite hostname="DESKTOP-NF3J3DA" failures="0" tests="5" name="com.restfulautomation.testscripts.CreateBooking" time="11.685" errors="0" timestamp="2022-11-24T13:45:12 GMT" skipped="0">
  <testcase classname="com.restfulautomation.testscripts.CreateBooking" name="createBooking" time="0.583"/>
  <system-out/>
  <testcase classname="com.restfulautomation.testscripts.CreateBooking" name="createBooking" time="0.556"/>
  <system-out/>
  <testcase classname="com.restfulautomation.testscripts.CreateBooking" name="createBooking" time="9.394"/>
  <system-out/>
  <testcase classname="com.restfulautomation.testscripts.CreateBooking" name="createBooking" time="0.574"/>
  <system-out/>
  <testcase classname="com.restfulautomation.testscripts.CreateBooking" name="createBooking" time="0.578"/>
  <system-out/>
</testsuite> <!-- com.restfulautomation.testscripts.CreateBooking -->
