<?xml version="1.0" encoding="UTF-8"?>
<!-- Generated by org.testng.reporters.JUnitReportReporter -->
<testsuite hostname="DESKTOP-NF3J3DA" failures="0" tests="6" name="com.restfulautomation.testscripts.Restfull" time="18.953" errors="0" timestamp="2022-11-06T17:17:24 GMT" skipped="0">
  <testcase classname="com.restfulautomation.testscripts.Restfull" name="createToken" time="0.625"/>
  <system-out/>
  <testcase classname="com.restfulautomation.testscripts.Restfull" name="getBookingIds" time="3.898"/>
  <system-out/>
  <testcase classname="com.restfulautomation.testscripts.Restfull" name="partialUpdate" time="0.566"/>
  <system-out/>
  <testcase classname="com.restfulautomation.testscripts.Restfull" name="getBooking" time="0.682"/>
  <system-out/>
  <testcase classname="com.restfulautomation.testscripts.Restfull" name="createBooking" time="12.617"/>
  <system-out/>
  <testcase classname="com.restfulautomation.testscripts.Restfull" name="updateBooking" time="0.565"/>
  <system-out/>
</testsuite> <!-- com.restfulautomation.testscripts.Restfull -->
