<?xml version="1.0" encoding="UTF-8"?>
<!-- Generated by org.testng.reporters.JUnitReportReporter -->
<testsuite hostname="DESKTOP-NF3J3DA" failures="0" tests="2" name="com.restfulautomation.testscripts.CreateBooking" time="3.819" errors="0" timestamp="2022-11-16T16:31:52 GMT" skipped="0">
  <testcase classname="com.restfulautomation.testscripts.CreateBooking" name="createBooking" time="2.822"/>
  <system-out/>
  <testcase classname="com.restfulautomation.testscripts.CreateBooking" name="createBooking" time="0.997"/>
  <system-out/>
</testsuite> <!-- com.restfulautomation.testscripts.CreateBooking -->
