<?xml version="1.0" encoding="UTF-8"?>
<!-- Generated by org.testng.reporters.JUnitReportReporter -->
<testsuite hostname="DESKTOP-NF3J3DA" failures="0" tests="1" name="com.restfulautomation.testscripts.PartialUpdate" time="0.557" errors="0" timestamp="2022-11-16T16:31:52 GMT" skipped="0">
  <testcase classname="com.restfulautomation.testscripts.PartialUpdate" name="partialUpdate" time="0.557"/>
  <system-out/>
</testsuite> <!-- com.restfulautomation.testscripts.PartialUpdate -->
