<?xml version="1.0" encoding="UTF-8"?>
<!-- Generated by org.testng.reporters.JUnitReportReporter -->
<testsuite hostname="DESKTOP-NF3J3DA" failures="0" tests="1" name="com.apigoogle.testscripts.AddPlace" time="6.989" errors="0" timestamp="2022-11-26T19:59:56 GMT" skipped="0">
  <testcase classname="com.apigoogle.testscripts.AddPlace" name="addPlace" time="6.989"/>
  <system-out/>
</testsuite> <!-- com.apigoogle.testscripts.AddPlace -->
